[ 2017-03-09T21:55:07+08:00 ] 127.0.0.1 /index.php/Home/index/ajaxPublish.html
INFO: [ app_begin ] --START--
INFO: Run Behavior\ReadHtmlCacheBehavior [ RunTime:0.001000s ]
INFO: [ app_begin ] --END-- [ RunTime:0.001000s ]
SQL: SHOW COLUMNS FROM `category` [ RunTime:0.004001s ]
ERR: 1146:Table 'gbcart.category' doesn't exist
 [ SQL语句 ] : SHOW COLUMNS FROM `category`
SQL: SELECT * FROM `category`  [ RunTime:0.001000s ]
ERR: 1146:Table 'gbcart.category' doesn't exist
 [ SQL语句 ] : SELECT * FROM `category` 
NOTIC: [2] Invalid argument supplied for foreach() D:\Xampp\htdocs\gb\Application\Admin\Model\CategoryModel.class.php 第 63 行.
SQL: SHOW COLUMNS FROM `user` [ RunTime:0.003000s ]
SQL: SELECT * FROM `user` WHERE `sno` = 131545151 LIMIT 1   [ RunTime:0.001000s ]
SQL: SHOW COLUMNS FROM `publish` [ RunTime:0.004000s ]
NOTIC: [8] Undefined index: img D:\Xampp\htdocs\gb\Application\Home\Model\PublishModel.class.php 第 34 行.
INFO: [ app_end ] --START--
INFO: Run Behavior\ShowPageTraceBehavior [ RunTime:0.001000s ]
INFO: [ app_end ] --END-- [ RunTime:0.001000s ]

[ 2017-03-09T21:55:34+08:00 ] 127.0.0.1 /index.php/Home/index/ajaxPublish.html
INFO: [ app_begin ] --START--
INFO: Run Behavior\ReadHtmlCacheBehavior [ RunTime:0.000000s ]
INFO: [ app_begin ] --END-- [ RunTime:0.001000s ]
SQL: SHOW COLUMNS FROM `category` [ RunTime:0.003000s ]
ERR: 1146:Table 'gbcart.category' doesn't exist
 [ SQL语句 ] : SHOW COLUMNS FROM `category`
SQL: SELECT * FROM `category`  [ RunTime:0.001000s ]
ERR: 1146:Table 'gbcart.category' doesn't exist
 [ SQL语句 ] : SELECT * FROM `category` 
NOTIC: [2] Invalid argument supplied for foreach() D:\Xampp\htdocs\gb\Application\Admin\Model\CategoryModel.class.php 第 63 行.
SQL: SHOW COLUMNS FROM `user` [ RunTime:0.003000s ]
SQL: SELECT * FROM `user` WHERE `sno` = 131545151 LIMIT 1   [ RunTime:0.001000s ]
SQL: SHOW COLUMNS FROM `publish` [ RunTime:0.003001s ]
NOTIC: [8] Undefined index: img D:\Xampp\htdocs\gb\Application\Home\Model\PublishModel.class.php 第 34 行.
INFO: [ app_end ] --START--
INFO: Run Behavior\ShowPageTraceBehavior [ RunTime:0.001000s ]
INFO: [ app_end ] --END-- [ RunTime:0.001000s ]

[ 2017-03-09T21:56:02+08:00 ] 127.0.0.1 /index.php/Home/index/ajaxPublish.html
INFO: [ app_begin ] --START--
INFO: Run Behavior\ReadHtmlCacheBehavior [ RunTime:0.001000s ]
INFO: [ app_begin ] --END-- [ RunTime:0.001000s ]
SQL: SHOW COLUMNS FROM `category` [ RunTime:0.003000s ]
ERR: 1146:Table 'gbcart.category' doesn't exist
 [ SQL语句 ] : SHOW COLUMNS FROM `category`
SQL: SELECT * FROM `category`  [ RunTime:0.001000s ]
ERR: 1146:Table 'gbcart.category' doesn't exist
 [ SQL语句 ] : SELECT * FROM `category` 
NOTIC: [2] Invalid argument supplied for foreach() D:\Xampp\htdocs\gb\Application\Admin\Model\CategoryModel.class.php 第 63 行.
SQL: SHOW COLUMNS FROM `user` [ RunTime:0.003000s ]
SQL: SELECT * FROM `user` WHERE `sno` = 131545151 LIMIT 1   [ RunTime:0.001000s ]
SQL: SHOW COLUMNS FROM `publish` [ RunTime:0.003000s ]
NOTIC: [8] Undefined index: img D:\Xampp\htdocs\gb\Application\Home\Model\PublishModel.class.php 第 34 行.
INFO: [ app_end ] --START--
INFO: Run Behavior\ShowPageTraceBehavior [ RunTime:0.001000s ]
INFO: [ app_end ] --END-- [ RunTime:0.001000s ]

[ 2017-03-09T21:58:03+08:00 ] 127.0.0.1 /index.php/Home/index/ajaxPublish.html
INFO: [ app_begin ] --START--
INFO: Run Behavior\ReadHtmlCacheBehavior [ RunTime:0.000000s ]
INFO: [ app_begin ] --END-- [ RunTime:0.001000s ]
SQL: SHOW COLUMNS FROM `category` [ RunTime:0.002000s ]
ERR: 1146:Table 'gbcart.category' doesn't exist
 [ SQL语句 ] : SHOW COLUMNS FROM `category`
SQL: SELECT * FROM `category`  [ RunTime:0.000000s ]
ERR: 1146:Table 'gbcart.category' doesn't exist
 [ SQL语句 ] : SELECT * FROM `category` 
NOTIC: [2] Invalid argument supplied for foreach() D:\Xampp\htdocs\gb\Application\Admin\Model\CategoryModel.class.php 第 63 行.
SQL: SHOW COLUMNS FROM `user` [ RunTime:0.003000s ]
SQL: SELECT * FROM `user` WHERE `sno` = 131545151 LIMIT 1   [ RunTime:0.001000s ]
SQL: SHOW COLUMNS FROM `publish` [ RunTime:0.004000s ]
NOTIC: [8] Undefined index: img D:\Xampp\htdocs\gb\Application\Home\Model\PublishModel.class.php 第 34 行.
INFO: [ app_end ] --START--
INFO: Run Behavior\ShowPageTraceBehavior [ RunTime:0.001000s ]
INFO: [ app_end ] --END-- [ RunTime:0.001000s ]

[ 2017-03-09T21:58:34+08:00 ] 127.0.0.1 /index.php/Home/index/ajaxPublish.html
INFO: [ app_begin ] --START--
INFO: Run Behavior\ReadHtmlCacheBehavior [ RunTime:0.001000s ]
INFO: [ app_begin ] --END-- [ RunTime:0.001000s ]
SQL: SHOW COLUMNS FROM `category` [ RunTime:0.003001s ]
ERR: 1146:Table 'gbcart.category' doesn't exist
 [ SQL语句 ] : SHOW COLUMNS FROM `category`
SQL: SELECT * FROM `category`  [ RunTime:0.000000s ]
ERR: 1146:Table 'gbcart.category' doesn't exist
 [ SQL语句 ] : SELECT * FROM `category` 
NOTIC: [2] Invalid argument supplied for foreach() D:\Xampp\htdocs\gb\Application\Admin\Model\CategoryModel.class.php 第 63 行.
SQL: SHOW COLUMNS FROM `user` [ RunTime:0.003000s ]
SQL: SELECT * FROM `user` WHERE `sno` = 131545151 LIMIT 1   [ RunTime:0.000000s ]
SQL: SHOW COLUMNS FROM `publish` [ RunTime:0.003000s ]
NOTIC: [8] Undefined index: img D:\Xampp\htdocs\gb\Application\Home\Model\PublishModel.class.php 第 34 行.
INFO: [ app_end ] --START--
INFO: Run Behavior\ShowPageTraceBehavior [ RunTime:0.001000s ]
INFO: [ app_end ] --END-- [ RunTime:0.001000s ]

[ 2017-03-09T21:58:53+08:00 ] 127.0.0.1 /index.php/Home/index/ajaxPublish.html
INFO: [ app_begin ] --START--
INFO: Run Behavior\ReadHtmlCacheBehavior [ RunTime:0.001000s ]
INFO: [ app_begin ] --END-- [ RunTime:0.001000s ]
SQL: SHOW COLUMNS FROM `category` [ RunTime:0.003001s ]
ERR: 1146:Table 'gbcart.category' doesn't exist
 [ SQL语句 ] : SHOW COLUMNS FROM `category`
SQL: SELECT * FROM `category`  [ RunTime:0.001000s ]
ERR: 1146:Table 'gbcart.category' doesn't exist
 [ SQL语句 ] : SELECT * FROM `category` 
NOTIC: [2] Invalid argument supplied for foreach() D:\Xampp\htdocs\gb\Application\Admin\Model\CategoryModel.class.php 第 63 行.
SQL: SHOW COLUMNS FROM `user` [ RunTime:0.003000s ]
SQL: SELECT * FROM `user` WHERE `sno` = 131545151 LIMIT 1   [ RunTime:0.000000s ]
SQL: SHOW COLUMNS FROM `publish` [ RunTime:0.003000s ]
NOTIC: [8] Undefined index: img D:\Xampp\htdocs\gb\Application\Home\Model\PublishModel.class.php 第 34 行.
ERR: Think\Model:getErrors方法不存在！

[ 2017-03-09T21:59:04+08:00 ] 127.0.0.1 /index.php/Home/index/ajaxPublish.html
INFO: [ app_begin ] --START--
INFO: Run Behavior\ReadHtmlCacheBehavior [ RunTime:0.001000s ]
INFO: [ app_begin ] --END-- [ RunTime:0.001000s ]
SQL: SHOW COLUMNS FROM `category` [ RunTime:0.002000s ]
ERR: 1146:Table 'gbcart.category' doesn't exist
 [ SQL语句 ] : SHOW COLUMNS FROM `category`
SQL: SELECT * FROM `category`  [ RunTime:0.000000s ]
ERR: 1146:Table 'gbcart.category' doesn't exist
 [ SQL语句 ] : SELECT * FROM `category` 
NOTIC: [2] Invalid argument supplied for foreach() D:\Xampp\htdocs\gb\Application\Admin\Model\CategoryModel.class.php 第 63 行.
SQL: SHOW COLUMNS FROM `user` [ RunTime:0.003000s ]
SQL: SELECT * FROM `user` WHERE `sno` = 131545151 LIMIT 1   [ RunTime:0.000000s ]
SQL: SHOW COLUMNS FROM `publish` [ RunTime:0.003001s ]
NOTIC: [8] Undefined index: img D:\Xampp\htdocs\gb\Application\Home\Model\PublishModel.class.php 第 34 行.
INFO: [ app_end ] --START--
INFO: Run Behavior\ShowPageTraceBehavior [ RunTime:0.001000s ]
INFO: [ app_end ] --END-- [ RunTime:0.001000s ]

[ 2017-03-09T21:59:57+08:00 ] 127.0.0.1 /index.php/Home/index/publish
ERR: 非法操作:publish

[ 2017-03-09T22:05:52+08:00 ] 127.0.0.1 /index.php/Home/index/ajaxPublish.html
INFO: [ app_begin ] --START--
INFO: Run Behavior\ReadHtmlCacheBehavior [ RunTime:0.001001s ]
INFO: [ app_begin ] --END-- [ RunTime:0.001001s ]
SQL: SHOW COLUMNS FROM `category` [ RunTime:0.003000s ]
ERR: 1146:Table 'gbcart.category' doesn't exist
 [ SQL语句 ] : SHOW COLUMNS FROM `category`
SQL: SELECT * FROM `category`  [ RunTime:0.000000s ]
ERR: 1146:Table 'gbcart.category' doesn't exist
 [ SQL语句 ] : SELECT * FROM `category` 
NOTIC: [2] Invalid argument supplied for foreach() D:\Xampp\htdocs\gb\Application\Admin\Model\CategoryModel.class.php 第 63 行.
SQL: SHOW COLUMNS FROM `user` [ RunTime:0.003000s ]
SQL: SELECT * FROM `user` WHERE `sno` = 131545151 LIMIT 1   [ RunTime:0.000000s ]
SQL: SHOW COLUMNS FROM `publish` [ RunTime:0.003000s ]
SQL: INSERT INTO `publish` (`sno`,`message`,`type`,`create_at`) VALUES (131545151,'131545151+杨嘉颖+互联网金融与信息工程系',0,'2017-03-09 22:05:52') [ RunTime:0.105006s ]
SQL: SELECT * FROM `publish` WHERE `id` = 30 LIMIT 1   [ RunTime:0.000000s ]
INFO: [ app_end ] --START--
INFO: Run Behavior\ShowPageTraceBehavior [ RunTime:0.000000s ]
INFO: [ app_end ] --END-- [ RunTime:0.000000s ]

[ 2017-03-09T22:06:01+08:00 ] 127.0.0.1 /index.php/Home/index/ajaxFabu.html
INFO: [ app_begin ] --START--
INFO: Run Behavior\ReadHtmlCacheBehavior [ RunTime:0.000000s ]
INFO: [ app_begin ] --END-- [ RunTime:0.001000s ]
SQL: SHOW COLUMNS FROM `category` [ RunTime:0.003000s ]
ERR: 1146:Table 'gbcart.category' doesn't exist
 [ SQL语句 ] : SHOW COLUMNS FROM `category`
SQL: SELECT * FROM `category`  [ RunTime:0.000000s ]
ERR: 1146:Table 'gbcart.category' doesn't exist
 [ SQL语句 ] : SELECT * FROM `category` 
NOTIC: [2] Invalid argument supplied for foreach() D:\Xampp\htdocs\gb\Application\Admin\Model\CategoryModel.class.php 第 63 行.
SQL: SHOW COLUMNS FROM `publish` [ RunTime:0.002000s ]
SQL: INSERT INTO `publish` (`message`,`sno`,`type`,`create_at`) VALUES ('dddd',131545151,1,'2017-03-09 22:06:01') [ RunTime:0.195011s ]

[ 2017-03-09T22:09:27+08:00 ] 127.0.0.1 /index.php/Home/index/ajaxContact.html
INFO: [ app_begin ] --START--
INFO: Run Behavior\ReadHtmlCacheBehavior [ RunTime:0.001000s ]
INFO: [ app_begin ] --END-- [ RunTime:0.001000s ]
SQL: SHOW COLUMNS FROM `category` [ RunTime:0.003000s ]
ERR: 1146:Table 'gbcart.category' doesn't exist
 [ SQL语句 ] : SHOW COLUMNS FROM `category`
SQL: SELECT * FROM `category`  [ RunTime:0.001000s ]
ERR: 1146:Table 'gbcart.category' doesn't exist
 [ SQL语句 ] : SELECT * FROM `category` 
NOTIC: [2] Invalid argument supplied for foreach() D:\Xampp\htdocs\gb\Application\Admin\Model\CategoryModel.class.php 第 63 行.
SQL: SHOW COLUMNS FROM `user` [ RunTime:0.003000s ]
SQL: SELECT * FROM `user` WHERE `id` = 0  [ RunTime:0.000000s ]

[ 2017-03-09T22:10:50+08:00 ] 127.0.0.1 /index.php/Home/index/ajaxContact.html
INFO: [ app_begin ] --START--
INFO: Run Behavior\ReadHtmlCacheBehavior [ RunTime:0.001000s ]
INFO: [ app_begin ] --END-- [ RunTime:0.001000s ]
SQL: SHOW COLUMNS FROM `category` [ RunTime:0.003000s ]
ERR: 1146:Table 'gbcart.category' doesn't exist
 [ SQL语句 ] : SHOW COLUMNS FROM `category`
SQL: SELECT * FROM `category`  [ RunTime:0.001000s ]
ERR: 1146:Table 'gbcart.category' doesn't exist
 [ SQL语句 ] : SELECT * FROM `category` 
NOTIC: [2] Invalid argument supplied for foreach() D:\Xampp\htdocs\gb\Application\Admin\Model\CategoryModel.class.php 第 63 行.

[ 2017-03-09T22:11:09+08:00 ] 127.0.0.1 /index.php/Home/index/ajaxContact.html
INFO: [ app_begin ] --START--
INFO: Run Behavior\ReadHtmlCacheBehavior [ RunTime:0.001000s ]
INFO: [ app_begin ] --END-- [ RunTime:0.001000s ]
SQL: SHOW COLUMNS FROM `category` [ RunTime:0.003000s ]
ERR: 1146:Table 'gbcart.category' doesn't exist
 [ SQL语句 ] : SHOW COLUMNS FROM `category`
SQL: SELECT * FROM `category`  [ RunTime:0.000000s ]
ERR: 1146:Table 'gbcart.category' doesn't exist
 [ SQL语句 ] : SELECT * FROM `category` 
NOTIC: [2] Invalid argument supplied for foreach() D:\Xampp\htdocs\gb\Application\Admin\Model\CategoryModel.class.php 第 63 行.
SQL: SHOW COLUMNS FROM `user` [ RunTime:0.002001s ]
SQL: SELECT * FROM `user` WHERE `sno` = 131545151 LIMIT 1   [ RunTime:0.000000s ]
NOTIC: [8] Array to string conversion D:\Xampp\htdocs\gb\Application\Home\Controller\IndexController.class.php 第 117 行.

[ 2017-03-09T22:12:55+08:00 ] 127.0.0.1 /index.php/Home/index/ajaxContact.html
INFO: [ app_begin ] --START--
INFO: Run Behavior\ReadHtmlCacheBehavior [ RunTime:0.001000s ]
INFO: [ app_begin ] --END-- [ RunTime:0.001000s ]
SQL: SHOW COLUMNS FROM `category` [ RunTime:0.003000s ]
ERR: 1146:Table 'gbcart.category' doesn't exist
 [ SQL语句 ] : SHOW COLUMNS FROM `category`
SQL: SELECT * FROM `category`  [ RunTime:0.000000s ]
ERR: 1146:Table 'gbcart.category' doesn't exist
 [ SQL语句 ] : SELECT * FROM `category` 
NOTIC: [2] Invalid argument supplied for foreach() D:\Xampp\htdocs\gb\Application\Admin\Model\CategoryModel.class.php 第 63 行.
SQL: SHOW COLUMNS FROM `user` [ RunTime:0.003000s ]
SQL: SELECT `snum` FROM `user` WHERE `sno` = 131545151 LIMIT 1   [ RunTime:0.000000s ]
NOTIC: [8] Array to string conversion D:\Xampp\htdocs\gb\Application\Home\Controller\IndexController.class.php 第 117 行.

[ 2017-03-09T22:13:05+08:00 ] 127.0.0.1 /index.php/Home/index/ajaxContact.html
INFO: [ app_begin ] --START--
INFO: Run Behavior\ReadHtmlCacheBehavior [ RunTime:0.001000s ]
INFO: [ app_begin ] --END-- [ RunTime:0.001000s ]
SQL: SHOW COLUMNS FROM `category` [ RunTime:0.002001s ]
ERR: 1146:Table 'gbcart.category' doesn't exist
 [ SQL语句 ] : SHOW COLUMNS FROM `category`
SQL: SELECT * FROM `category`  [ RunTime:0.000000s ]
ERR: 1146:Table 'gbcart.category' doesn't exist
 [ SQL语句 ] : SELECT * FROM `category` 
NOTIC: [2] Invalid argument supplied for foreach() D:\Xampp\htdocs\gb\Application\Admin\Model\CategoryModel.class.php 第 63 行.
SQL: SHOW COLUMNS FROM `user` [ RunTime:0.003000s ]
SQL: SELECT `snum` FROM `user` WHERE `sno` = 131545151 LIMIT 1   [ RunTime:0.000000s ]
NOTIC: [8] Undefined offset: 0 D:\Xampp\htdocs\gb\Application\Home\Controller\IndexController.class.php 第 117 行.

[ 2017-03-09T22:13:26+08:00 ] 127.0.0.1 /index.php/Home/index/ajaxContact.html
INFO: [ app_begin ] --START--
INFO: Run Behavior\ReadHtmlCacheBehavior [ RunTime:0.001000s ]
INFO: [ app_begin ] --END-- [ RunTime:0.001000s ]
SQL: SHOW COLUMNS FROM `category` [ RunTime:0.003000s ]
ERR: 1146:Table 'gbcart.category' doesn't exist
 [ SQL语句 ] : SHOW COLUMNS FROM `category`
SQL: SELECT * FROM `category`  [ RunTime:0.000000s ]
ERR: 1146:Table 'gbcart.category' doesn't exist
 [ SQL语句 ] : SELECT * FROM `category` 
NOTIC: [2] Invalid argument supplied for foreach() D:\Xampp\htdocs\gb\Application\Admin\Model\CategoryModel.class.php 第 63 行.
SQL: SHOW COLUMNS FROM `user` [ RunTime:0.004000s ]
SQL: SELECT `snum` FROM `user` WHERE `sno` = 131545151 LIMIT 1   [ RunTime:0.000000s ]

[ 2017-03-09T22:27:53+08:00 ] 127.0.0.1 /index.php/Home/index/ajaxContact.html
INFO: [ app_begin ] --START--
INFO: Run Behavior\ReadHtmlCacheBehavior [ RunTime:0.000000s ]
INFO: [ app_begin ] --END-- [ RunTime:0.001000s ]
SQL: SHOW COLUMNS FROM `category` [ RunTime:0.003000s ]
ERR: 1146:Table 'gbcart.category' doesn't exist
 [ SQL语句 ] : SHOW COLUMNS FROM `category`
SQL: SELECT * FROM `category`  [ RunTime:0.000000s ]
ERR: 1146:Table 'gbcart.category' doesn't exist
 [ SQL语句 ] : SELECT * FROM `category` 
NOTIC: [2] Invalid argument supplied for foreach() D:\Xampp\htdocs\gb\Application\Admin\Model\CategoryModel.class.php 第 63 行.
SQL: SHOW COLUMNS FROM `user` [ RunTime:0.004001s ]
SQL: SELECT `snum`,`sname` FROM `user` WHERE `sno` = 131545151 LIMIT 1   [ RunTime:0.000000s ]
NOTIC: D方法实例化没找到模型类Home\Model\MessageModelModel
SQL: SHOW COLUMNS FROM `message_model` [ RunTime:0.004000s ]
ERR: 1146:Table 'gbcart.message_model' doesn't exist
 [ SQL语句 ] : SHOW COLUMNS FROM `message_model`
SQL: INSERT INTO `message_model` (`sno`,`message`) VALUES ('131545151','有拾获者联系你了，详情请联系杨嘉颖,手机号码13250150526') [ RunTime:0.000000s ]
ERR: 1146:Table 'gbcart.message_model' doesn't exist
 [ SQL语句 ] : INSERT INTO `message_model` (`sno`,`message`) VALUES ('131545151','有拾获者联系你了，详情请联系杨嘉颖,手机号码13250150526')
INFO: [ app_end ] --START--
INFO: Run Behavior\ShowPageTraceBehavior [ RunTime:0.001000s ]
INFO: [ app_end ] --END-- [ RunTime:0.001000s ]

[ 2017-03-09T22:29:36+08:00 ] 127.0.0.1 /index.php/Home/index/ajaxContact.html
INFO: [ app_begin ] --START--
INFO: Run Behavior\ReadHtmlCacheBehavior [ RunTime:0.000000s ]
INFO: [ app_begin ] --END-- [ RunTime:0.001000s ]
SQL: SHOW COLUMNS FROM `category` [ RunTime:0.003000s ]
ERR: 1146:Table 'gbcart.category' doesn't exist
 [ SQL语句 ] : SHOW COLUMNS FROM `category`
SQL: SELECT * FROM `category`  [ RunTime:0.001000s ]
ERR: 1146:Table 'gbcart.category' doesn't exist
 [ SQL语句 ] : SELECT * FROM `category` 
NOTIC: [2] Invalid argument supplied for foreach() D:\Xampp\htdocs\gb\Application\Admin\Model\CategoryModel.class.php 第 63 行.
SQL: SHOW COLUMNS FROM `user` [ RunTime:0.003000s ]
SQL: SELECT `snum`,`sname` FROM `user` WHERE `sno` = 131545151 LIMIT 1   [ RunTime:0.000000s ]
NOTIC: D方法实例化没找到模型类Home\Model\MessageModelModel
SQL: SHOW COLUMNS FROM `message_model` [ RunTime:0.002000s ]
ERR: 1146:Table 'gbcart.message_model' doesn't exist
 [ SQL语句 ] : SHOW COLUMNS FROM `message_model`
SQL: INSERT INTO `message_model` (`sno`,`message`) VALUES ('131545151','有拾获者联系你了，详情请联系杨嘉颖,手机号码13250150526') [ RunTime:0.001001s ]
ERR: 1146:Table 'gbcart.message_model' doesn't exist
 [ SQL语句 ] : INSERT INTO `message_model` (`sno`,`message`) VALUES ('131545151','有拾获者联系你了，详情请联系杨嘉颖,手机号码13250150526')

[ 2017-03-09T22:29:56+08:00 ] 127.0.0.1 /index.php/Home/index/ajaxContact.html
INFO: [ app_begin ] --START--
INFO: Run Behavior\ReadHtmlCacheBehavior [ RunTime:0.001000s ]
INFO: [ app_begin ] --END-- [ RunTime:0.001000s ]
SQL: SHOW COLUMNS FROM `category` [ RunTime:0.002000s ]
ERR: 1146:Table 'gbcart.category' doesn't exist
 [ SQL语句 ] : SHOW COLUMNS FROM `category`
SQL: SELECT * FROM `category`  [ RunTime:0.000000s ]
ERR: 1146:Table 'gbcart.category' doesn't exist
 [ SQL语句 ] : SELECT * FROM `category` 
NOTIC: [2] Invalid argument supplied for foreach() D:\Xampp\htdocs\gb\Application\Admin\Model\CategoryModel.class.php 第 63 行.
SQL: SHOW COLUMNS FROM `user` [ RunTime:0.003001s ]
SQL: SELECT `snum`,`sname` FROM `user` WHERE `sno` = 131545151 LIMIT 1   [ RunTime:0.000000s ]
NOTIC: D方法实例化没找到模型类Home\Model\MessageModelModel
SQL: SHOW COLUMNS FROM `message_model` [ RunTime:0.003000s ]
ERR: 1146:Table 'gbcart.message_model' doesn't exist
 [ SQL语句 ] : SHOW COLUMNS FROM `message_model`
SQL: INSERT INTO `message_model` (`sno`,`message`) VALUES ('131545151','有拾获者联系你了，详情请联系杨嘉颖,手机号码13250150526') [ RunTime:0.001000s ]
ERR: 1146:Table 'gbcart.message_model' doesn't exist
 [ SQL语句 ] : INSERT INTO `message_model` (`sno`,`message`) VALUES ('131545151','有拾获者联系你了，详情请联系杨嘉颖,手机号码13250150526')

[ 2017-03-09T22:30:18+08:00 ] 127.0.0.1 /index.php/Home/index/ajaxContact.html
INFO: [ app_begin ] --START--
INFO: Run Behavior\ReadHtmlCacheBehavior [ RunTime:0.000000s ]
INFO: [ app_begin ] --END-- [ RunTime:0.001000s ]
SQL: SHOW COLUMNS FROM `category` [ RunTime:0.003000s ]
ERR: 1146:Table 'gbcart.category' doesn't exist
 [ SQL语句 ] : SHOW COLUMNS FROM `category`
SQL: SELECT * FROM `category`  [ RunTime:0.000000s ]
ERR: 1146:Table 'gbcart.category' doesn't exist
 [ SQL语句 ] : SELECT * FROM `category` 
NOTIC: [2] Invalid argument supplied for foreach() D:\Xampp\htdocs\gb\Application\Admin\Model\CategoryModel.class.php 第 63 行.
SQL: SHOW COLUMNS FROM `user` [ RunTime:0.003001s ]
SQL: SELECT `snum`,`sname` FROM `user` WHERE `sno` = 131545151 LIMIT 1   [ RunTime:0.000000s ]
SQL: SHOW COLUMNS FROM `message` [ RunTime:0.004000s ]
SQL: INSERT INTO `message` (`sno`,`message`,`create_at`) VALUES (131545151,'有拾获者联系你了，详情请联系杨嘉颖,手机号码13250150526','2017-03-09 22:30:18') [ RunTime:0.297017s ]
SQL: SHOW COLUMNS FROM `publish` [ RunTime:0.003000s ]
SQL: UPDATE `publish` SET `is_delete`=1 WHERE ( id= ) [ RunTime:0.001000s ]
ERR: 1064:You have an error in your SQL syntax; check the manual that corresponds to your MariaDB server version for the right syntax to use near ')' at line 1
 [ SQL语句 ] : UPDATE `publish` SET `is_delete`=1 WHERE ( id= )
INFO: [ app_end ] --START--
INFO: Run Behavior\ShowPageTraceBehavior [ RunTime:0.000000s ]
INFO: [ app_end ] --END-- [ RunTime:0.000000s ]

[ 2017-03-09T22:31:32+08:00 ] 127.0.0.1 /index.php/Home/index/ajaxContact.html
INFO: [ app_begin ] --START--
INFO: Run Behavior\ReadHtmlCacheBehavior [ RunTime:0.001000s ]
INFO: [ app_begin ] --END-- [ RunTime:0.001000s ]
SQL: SHOW COLUMNS FROM `category` [ RunTime:0.003000s ]
ERR: 1146:Table 'gbcart.category' doesn't exist
 [ SQL语句 ] : SHOW COLUMNS FROM `category`
SQL: SELECT * FROM `category`  [ RunTime:0.001000s ]
ERR: 1146:Table 'gbcart.category' doesn't exist
 [ SQL语句 ] : SELECT * FROM `category` 
NOTIC: [2] Invalid argument supplied for foreach() D:\Xampp\htdocs\gb\Application\Admin\Model\CategoryModel.class.php 第 63 行.
SQL: SHOW COLUMNS FROM `user` [ RunTime:0.003000s ]
SQL: SELECT `snum`,`sname` FROM `user` WHERE `sno` = 131545151 LIMIT 1   [ RunTime:0.001000s ]
SQL: SHOW COLUMNS FROM `message` [ RunTime:0.003000s ]
SQL: INSERT INTO `message` (`sno`,`message`,`create_at`) VALUES (131545151,'有拾获者联系你了，详情请联系杨嘉颖,手机号码13250150526','2017-03-09 22:31:32') [ RunTime:0.107006s ]
SQL: SHOW COLUMNS FROM `publish` [ RunTime:0.004000s ]
SQL: UPDATE `publish` SET `is_delete`=1 WHERE ( id= ) [ RunTime:0.000000s ]
ERR: 1064:You have an error in your SQL syntax; check the manual that corresponds to your MariaDB server version for the right syntax to use near ')' at line 1
 [ SQL语句 ] : UPDATE `publish` SET `is_delete`=1 WHERE ( id= )
INFO: [ app_end ] --START--
INFO: Run Behavior\ShowPageTraceBehavior [ RunTime:0.001000s ]
INFO: [ app_end ] --END-- [ RunTime:0.001000s ]

[ 2017-03-09T22:32:33+08:00 ] 127.0.0.1 /index.php/Home/index/ajaxContact.html
INFO: [ app_begin ] --START--
INFO: Run Behavior\ReadHtmlCacheBehavior [ RunTime:0.000000s ]
INFO: [ app_begin ] --END-- [ RunTime:0.002000s ]
SQL: SHOW COLUMNS FROM `category` [ RunTime:0.003000s ]
ERR: 1146:Table 'gbcart.category' doesn't exist
 [ SQL语句 ] : SHOW COLUMNS FROM `category`
SQL: SELECT * FROM `category`  [ RunTime:0.000000s ]
ERR: 1146:Table 'gbcart.category' doesn't exist
 [ SQL语句 ] : SELECT * FROM `category` 
NOTIC: [2] Invalid argument supplied for foreach() D:\Xampp\htdocs\gb\Application\Admin\Model\CategoryModel.class.php 第 63 行.
SQL: SHOW COLUMNS FROM `user` [ RunTime:0.003000s ]
SQL: SELECT `snum`,`sname` FROM `user` WHERE `sno` = 131545151 LIMIT 1   [ RunTime:0.000000s ]
SQL: SHOW COLUMNS FROM `message` [ RunTime:0.003000s ]
SQL: INSERT INTO `message` (`sno`,`message`,`create_at`) VALUES (131545151,'有拾获者联系你了，详情请联系杨嘉颖,手机号码13250150526','2017-03-09 22:32:33') [ RunTime:0.155009s ]
SQL: SHOW COLUMNS FROM `publish` [ RunTime:0.004001s ]
SQL: UPDATE `publish` SET `is_delete`=1 WHERE ( id= ) [ RunTime:0.000000s ]
ERR: 1064:You have an error in your SQL syntax; check the manual that corresponds to your MariaDB server version for the right syntax to use near ')' at line 1
 [ SQL语句 ] : UPDATE `publish` SET `is_delete`=1 WHERE ( id= )

[ 2017-03-09T22:32:58+08:00 ] 127.0.0.1 /index.php/Home/index/ajaxContact.html
INFO: [ app_begin ] --START--
INFO: Run Behavior\ReadHtmlCacheBehavior [ RunTime:0.001000s ]
INFO: [ app_begin ] --END-- [ RunTime:0.001000s ]
SQL: SHOW COLUMNS FROM `category` [ RunTime:0.003000s ]
ERR: 1146:Table 'gbcart.category' doesn't exist
 [ SQL语句 ] : SHOW COLUMNS FROM `category`
SQL: SELECT * FROM `category`  [ RunTime:0.000000s ]
ERR: 1146:Table 'gbcart.category' doesn't exist
 [ SQL语句 ] : SELECT * FROM `category` 
NOTIC: [2] Invalid argument supplied for foreach() D:\Xampp\htdocs\gb\Application\Admin\Model\CategoryModel.class.php 第 63 行.
SQL: SHOW COLUMNS FROM `user` [ RunTime:0.004000s ]
SQL: SELECT `snum`,`sname` FROM `user` WHERE `sno` = 131545151 LIMIT 1   [ RunTime:0.000000s ]
SQL: SHOW COLUMNS FROM `message` [ RunTime:0.004001s ]
SQL: INSERT INTO `message` (`sno`,`message`,`create_at`) VALUES (131545151,'有拾获者联系你了，详情请联系杨嘉颖,手机号码13250150526','2017-03-09 22:32:58') [ RunTime:0.483027s ]
SQL: SHOW COLUMNS FROM `publish` [ RunTime:0.003000s ]
SQL: UPDATE `publish` SET `is_delete`=1 WHERE ( id= ) [ RunTime:0.000000s ]
ERR: 1064:You have an error in your SQL syntax; check the manual that corresponds to your MariaDB server version for the right syntax to use near ')' at line 1
 [ SQL语句 ] : UPDATE `publish` SET `is_delete`=1 WHERE ( id= )

[ 2017-03-09T22:33:42+08:00 ] 127.0.0.1 /index.php/Home/index/ajaxContact.html
INFO: [ app_begin ] --START--
INFO: Run Behavior\ReadHtmlCacheBehavior [ RunTime:0.000000s ]
INFO: [ app_begin ] --END-- [ RunTime:0.001000s ]
SQL: SHOW COLUMNS FROM `category` [ RunTime:0.003000s ]
ERR: 1146:Table 'gbcart.category' doesn't exist
 [ SQL语句 ] : SHOW COLUMNS FROM `category`
SQL: SELECT * FROM `category`  [ RunTime:0.000000s ]
ERR: 1146:Table 'gbcart.category' doesn't exist
 [ SQL语句 ] : SELECT * FROM `category` 
NOTIC: [2] Invalid argument supplied for foreach() D:\Xampp\htdocs\gb\Application\Admin\Model\CategoryModel.class.php 第 63 行.
SQL: SHOW COLUMNS FROM `user` [ RunTime:0.004000s ]
SQL: SELECT `snum`,`sname` FROM `user` WHERE `sno` = 131545151 LIMIT 1   [ RunTime:0.000000s ]
SQL: SHOW COLUMNS FROM `message` [ RunTime:0.004000s ]
SQL: INSERT INTO `message` (`sno`,`message`,`create_at`) VALUES (131545151,'有拾获者联系你了，详情请联系杨嘉颖,手机号码13250150526','2017-03-09 22:33:42') [ RunTime:0.071004s ]
SQL: SHOW COLUMNS FROM `publish` [ RunTime:0.003000s ]
SQL: UPDATE `publish` SET `is_delete`=1 WHERE `id` = 0 [ RunTime:0.008001s ]

[ 2017-03-09T22:34:03+08:00 ] 127.0.0.1 /index.php/Home/index/ajaxContact.html
INFO: [ app_begin ] --START--
INFO: Run Behavior\ReadHtmlCacheBehavior [ RunTime:0.000000s ]
INFO: [ app_begin ] --END-- [ RunTime:0.001000s ]
SQL: SHOW COLUMNS FROM `category` [ RunTime:0.004000s ]
ERR: 1146:Table 'gbcart.category' doesn't exist
 [ SQL语句 ] : SHOW COLUMNS FROM `category`
SQL: SELECT * FROM `category`  [ RunTime:0.001000s ]
ERR: 1146:Table 'gbcart.category' doesn't exist
 [ SQL语句 ] : SELECT * FROM `category` 
NOTIC: [2] Invalid argument supplied for foreach() D:\Xampp\htdocs\gb\Application\Admin\Model\CategoryModel.class.php 第 63 行.
SQL: SHOW COLUMNS FROM `user` [ RunTime:0.004000s ]
SQL: SELECT `snum`,`sname` FROM `user` WHERE `sno` = 131545151 LIMIT 1   [ RunTime:0.001000s ]
SQL: SHOW COLUMNS FROM `message` [ RunTime:0.003000s ]
SQL: INSERT INTO `message` (`sno`,`message`,`create_at`) VALUES (131545151,'有拾获者联系你了，详情请联系杨嘉颖,手机号码13250150526','2017-03-09 22:34:03') [ RunTime:0.139008s ]
SQL: SHOW COLUMNS FROM `publish` [ RunTime:0.003000s ]
SQL: UPDATE `publish` SET `is_delete`=1 WHERE `id` = 0 [ RunTime:0.001000s ]

[ 2017-03-09T22:34:16+08:00 ] 127.0.0.1 /index.php/Home/index/ajaxContact.html
INFO: [ app_begin ] --START--
INFO: Run Behavior\ReadHtmlCacheBehavior [ RunTime:0.001000s ]
INFO: [ app_begin ] --END-- [ RunTime:0.001000s ]
SQL: SHOW COLUMNS FROM `category` [ RunTime:0.003001s ]
ERR: 1146:Table 'gbcart.category' doesn't exist
 [ SQL语句 ] : SHOW COLUMNS FROM `category`
SQL: SELECT * FROM `category`  [ RunTime:0.001000s ]
ERR: 1146:Table 'gbcart.category' doesn't exist
 [ SQL语句 ] : SELECT * FROM `category` 
NOTIC: [2] Invalid argument supplied for foreach() D:\Xampp\htdocs\gb\Application\Admin\Model\CategoryModel.class.php 第 63 行.

[ 2017-03-09T22:34:27+08:00 ] 127.0.0.1 /index.php/Home/index/ajaxContact.html
INFO: [ app_begin ] --START--
INFO: Run Behavior\ReadHtmlCacheBehavior [ RunTime:0.000000s ]
INFO: [ app_begin ] --END-- [ RunTime:0.001000s ]
SQL: SHOW COLUMNS FROM `category` [ RunTime:0.003001s ]
ERR: 1146:Table 'gbcart.category' doesn't exist
 [ SQL语句 ] : SHOW COLUMNS FROM `category`
SQL: SELECT * FROM `category`  [ RunTime:0.000000s ]
ERR: 1146:Table 'gbcart.category' doesn't exist
 [ SQL语句 ] : SELECT * FROM `category` 
NOTIC: [2] Invalid argument supplied for foreach() D:\Xampp\htdocs\gb\Application\Admin\Model\CategoryModel.class.php 第 63 行.

[ 2017-03-09T22:35:18+08:00 ] 127.0.0.1 /index.php/Home/index/ajaxContact.html
INFO: [ app_begin ] --START--
INFO: Run Behavior\ReadHtmlCacheBehavior [ RunTime:0.000000s ]
INFO: [ app_begin ] --END-- [ RunTime:0.001000s ]
SQL: SHOW COLUMNS FROM `category` [ RunTime:0.002000s ]
ERR: 1146:Table 'gbcart.category' doesn't exist
 [ SQL语句 ] : SHOW COLUMNS FROM `category`
SQL: SELECT * FROM `category`  [ RunTime:0.000000s ]
ERR: 1146:Table 'gbcart.category' doesn't exist
 [ SQL语句 ] : SELECT * FROM `category` 
NOTIC: [2] Invalid argument supplied for foreach() D:\Xampp\htdocs\gb\Application\Admin\Model\CategoryModel.class.php 第 63 行.
SQL: SHOW COLUMNS FROM `user` [ RunTime:0.003000s ]
SQL: SELECT `snum`,`sname` FROM `user` WHERE `sno` = 131545151 LIMIT 1   [ RunTime:0.000000s ]
SQL: SHOW COLUMNS FROM `message` [ RunTime:0.003000s ]
SQL: INSERT INTO `message` (`sno`,`message`,`create_at`) VALUES (131545151,'有拾获者联系你了，详情请联系杨嘉颖,手机号码13250150526','2017-03-09 22:35:18') [ RunTime:0.071004s ]
SQL: SHOW COLUMNS FROM `publish` [ RunTime:0.004001s ]
SQL: UPDATE `publish` SET `is_delete`=1 WHERE `id` = 31 [ RunTime:0.073004s ]
INFO: [ app_end ] --START--
INFO: Run Behavior\ShowPageTraceBehavior [ RunTime:0.001000s ]
INFO: [ app_end ] --END-- [ RunTime:0.001000s ]

[ 2017-03-09T22:57:27+08:00 ] 127.0.0.1 /index.php/Home/index/ajaxFind.html
INFO: [ app_begin ] --START--
INFO: Run Behavior\ReadHtmlCacheBehavior [ RunTime:0.001001s ]
INFO: [ app_begin ] --END-- [ RunTime:0.001001s ]
SQL: SHOW COLUMNS FROM `category` [ RunTime:0.003000s ]
ERR: 1146:Table 'gbcart.category' doesn't exist
 [ SQL语句 ] : SHOW COLUMNS FROM `category`
SQL: SELECT * FROM `category`  [ RunTime:0.000000s ]
ERR: 1146:Table 'gbcart.category' doesn't exist
 [ SQL语句 ] : SELECT * FROM `category` 
NOTIC: [2] Invalid argument supplied for foreach() D:\Xampp\htdocs\gb\Application\Admin\Model\CategoryModel.class.php 第 63 行.
SQL: SHOW COLUMNS FROM `user` [ RunTime:0.004001s ]
SQL: SELECT `sno` FROM `user`  [ RunTime:0.000000s ]

[ 2017-03-09T22:57:29+08:00 ] 127.0.0.1 /index.php/Home/index/ajaxFind.html
INFO: [ app_begin ] --START--
INFO: Run Behavior\ReadHtmlCacheBehavior [ RunTime:0.001000s ]
INFO: [ app_begin ] --END-- [ RunTime:0.001000s ]
SQL: SHOW COLUMNS FROM `category` [ RunTime:0.003000s ]
ERR: 1146:Table 'gbcart.category' doesn't exist
 [ SQL语句 ] : SHOW COLUMNS FROM `category`
SQL: SELECT * FROM `category`  [ RunTime:0.000000s ]
ERR: 1146:Table 'gbcart.category' doesn't exist
 [ SQL语句 ] : SELECT * FROM `category` 
NOTIC: [2] Invalid argument supplied for foreach() D:\Xampp\htdocs\gb\Application\Admin\Model\CategoryModel.class.php 第 63 行.
SQL: SHOW COLUMNS FROM `user` [ RunTime:0.004000s ]
SQL: SELECT `sno` FROM `user`  [ RunTime:0.000000s ]

[ 2017-03-09T22:58:17+08:00 ] 127.0.0.1 /index.php/Home/index/ajaxFind.html
INFO: [ app_begin ] --START--
INFO: Run Behavior\ReadHtmlCacheBehavior [ RunTime:0.001000s ]
INFO: [ app_begin ] --END-- [ RunTime:0.001000s ]
SQL: SHOW COLUMNS FROM `category` [ RunTime:0.003000s ]
ERR: 1146:Table 'gbcart.category' doesn't exist
 [ SQL语句 ] : SHOW COLUMNS FROM `category`
SQL: SELECT * FROM `category`  [ RunTime:0.000000s ]
ERR: 1146:Table 'gbcart.category' doesn't exist
 [ SQL语句 ] : SELECT * FROM `category` 
NOTIC: [2] Invalid argument supplied for foreach() D:\Xampp\htdocs\gb\Application\Admin\Model\CategoryModel.class.php 第 63 行.
SQL: SHOW COLUMNS FROM `user` [ RunTime:0.003000s ]
SQL: SELECT `sno` FROM `user`  [ RunTime:0.000000s ]

[ 2017-03-09T22:58:40+08:00 ] 127.0.0.1 /index.php/Home/index/ajaxFind.html
INFO: [ app_begin ] --START--
INFO: Run Behavior\ReadHtmlCacheBehavior [ RunTime:0.000000s ]
INFO: [ app_begin ] --END-- [ RunTime:0.001000s ]
SQL: SHOW COLUMNS FROM `category` [ RunTime:0.003001s ]
ERR: 1146:Table 'gbcart.category' doesn't exist
 [ SQL语句 ] : SHOW COLUMNS FROM `category`
SQL: SELECT * FROM `category`  [ RunTime:0.000000s ]
ERR: 1146:Table 'gbcart.category' doesn't exist
 [ SQL语句 ] : SELECT * FROM `category` 
NOTIC: [2] Invalid argument supplied for foreach() D:\Xampp\htdocs\gb\Application\Admin\Model\CategoryModel.class.php 第 63 行.
SQL: SHOW COLUMNS FROM `user` [ RunTime:0.003000s ]
SQL: SELECT `sno` FROM `user`  [ RunTime:0.000000s ]

[ 2017-03-09T22:58:50+08:00 ] 127.0.0.1 /index.php/Home/index/ajaxFind.html
INFO: [ app_begin ] --START--
INFO: Run Behavior\ReadHtmlCacheBehavior [ RunTime:0.001000s ]
INFO: [ app_begin ] --END-- [ RunTime:0.001000s ]
SQL: SHOW COLUMNS FROM `category` [ RunTime:0.004000s ]
ERR: 1146:Table 'gbcart.category' doesn't exist
 [ SQL语句 ] : SHOW COLUMNS FROM `category`
SQL: SELECT * FROM `category`  [ RunTime:0.000000s ]
ERR: 1146:Table 'gbcart.category' doesn't exist
 [ SQL语句 ] : SELECT * FROM `category` 
NOTIC: [2] Invalid argument supplied for foreach() D:\Xampp\htdocs\gb\Application\Admin\Model\CategoryModel.class.php 第 63 行.
SQL: SHOW COLUMNS FROM `user` [ RunTime:0.004000s ]
SQL: SELECT `sno` FROM `user`  [ RunTime:0.000000s ]
SQL: SELECT `snum`,`sname` FROM `user` WHERE `sno` = 131545151 LIMIT 1   [ RunTime:0.001000s ]
SQL: SHOW COLUMNS FROM `message` [ RunTime:0.003000s ]
SQL: INSERT INTO `message` (`sno`,`message`,`create_at`) VALUES (131545149,'有拾获者联系你了，详情请联系杨嘉颖,手机号码13250150526','2017-03-09 22:58:49') [ RunTime:0.238013s ]

[ 2017-03-09T22:59:21+08:00 ] 127.0.0.1 /index.php/Home/index/ajaxFind.html
INFO: [ app_begin ] --START--
INFO: Run Behavior\ReadHtmlCacheBehavior [ RunTime:0.001001s ]
INFO: [ app_begin ] --END-- [ RunTime:0.001001s ]
SQL: SHOW COLUMNS FROM `category` [ RunTime:0.003000s ]
ERR: 1146:Table 'gbcart.category' doesn't exist
 [ SQL语句 ] : SHOW COLUMNS FROM `category`
SQL: SELECT * FROM `category`  [ RunTime:0.000000s ]
ERR: 1146:Table 'gbcart.category' doesn't exist
 [ SQL语句 ] : SELECT * FROM `category` 
NOTIC: [2] Invalid argument supplied for foreach() D:\Xampp\htdocs\gb\Application\Admin\Model\CategoryModel.class.php 第 63 行.
SQL: SHOW COLUMNS FROM `user` [ RunTime:0.004000s ]
SQL: SELECT `sno` FROM `user`  [ RunTime:0.000000s ]
SQL: SELECT `snum`,`sname` FROM `user` WHERE `sno` = 131545151 LIMIT 1   [ RunTime:0.000000s ]
SQL: SHOW COLUMNS FROM `message` [ RunTime:0.003001s ]
SQL: INSERT INTO `message` (`sno`,`message`,`create_at`) VALUES (131545149,'有拾获者联系你了，详情请联系杨嘉颖,手机号码13250150526','2017-03-09 22:59:21') [ RunTime:0.083004s ]

[ 2017-03-09T22:59:44+08:00 ] 127.0.0.1 /index.php/Home/index/ajaxFind.html
INFO: [ app_begin ] --START--
INFO: Run Behavior\ReadHtmlCacheBehavior [ RunTime:0.001000s ]
INFO: [ app_begin ] --END-- [ RunTime:0.001000s ]
SQL: SHOW COLUMNS FROM `category` [ RunTime:0.004000s ]
ERR: 1146:Table 'gbcart.category' doesn't exist
 [ SQL语句 ] : SHOW COLUMNS FROM `category`
SQL: SELECT * FROM `category`  [ RunTime:0.000000s ]
ERR: 1146:Table 'gbcart.category' doesn't exist
 [ SQL语句 ] : SELECT * FROM `category` 
NOTIC: [2] Invalid argument supplied for foreach() D:\Xampp\htdocs\gb\Application\Admin\Model\CategoryModel.class.php 第 63 行.
SQL: SHOW COLUMNS FROM `user` [ RunTime:0.003000s ]
SQL: SELECT `sno` FROM `user`  [ RunTime:0.001000s ]
SQL: SELECT `snum`,`sname` FROM `user` WHERE `sno` = 131545151 LIMIT 1   [ RunTime:0.000000s ]
SQL: SHOW COLUMNS FROM `message` [ RunTime:0.003000s ]
SQL: INSERT INTO `message` (`sno`,`message`,`create_at`) VALUES (131545149,'有拾获者联系你了，详情请联系杨嘉颖,手机号码13250150526','2017-03-09 22:59:44') [ RunTime:0.107007s ]

[ 2017-03-09T23:02:31+08:00 ] 127.0.0.1 /index.php/Home/index/ajaxFind.html
INFO: [ app_begin ] --START--
INFO: Run Behavior\ReadHtmlCacheBehavior [ RunTime:0.000000s ]
INFO: [ app_begin ] --END-- [ RunTime:0.001000s ]
SQL: SHOW COLUMNS FROM `category` [ RunTime:0.003000s ]
ERR: 1146:Table 'gbcart.category' doesn't exist
 [ SQL语句 ] : SHOW COLUMNS FROM `category`
SQL: SELECT * FROM `category`  [ RunTime:0.000000s ]
ERR: 1146:Table 'gbcart.category' doesn't exist
 [ SQL语句 ] : SELECT * FROM `category` 
NOTIC: [2] Invalid argument supplied for foreach() D:\Xampp\htdocs\gb\Application\Admin\Model\CategoryModel.class.php 第 63 行.
SQL: SHOW COLUMNS FROM `user` [ RunTime:0.003000s ]
SQL: SELECT `sno` FROM `user`  [ RunTime:0.000000s ]
SQL: SELECT `snum`,`sname` FROM `user` WHERE `sno` = 131545151 LIMIT 1   [ RunTime:0.000000s ]
SQL: SHOW COLUMNS FROM `message` [ RunTime:0.004001s ]
SQL: INSERT INTO `message` (`sno`,`message`,`create_at`) VALUES (131545149,'有拾获者联系你了，详情请联系杨嘉颖,手机号码13250150526','2017-03-09 23:02:31') [ RunTime:0.161009s ]

[ 2017-03-09T23:03:30+08:00 ] 127.0.0.1 /index.php/Home/index/ajaxFind.html
INFO: [ app_begin ] --START--
INFO: Run Behavior\ReadHtmlCacheBehavior [ RunTime:0.001000s ]
INFO: [ app_begin ] --END-- [ RunTime:0.001000s ]
SQL: SHOW COLUMNS FROM `category` [ RunTime:0.003000s ]
ERR: 1146:Table 'gbcart.category' doesn't exist
 [ SQL语句 ] : SHOW COLUMNS FROM `category`
SQL: SELECT * FROM `category`  [ RunTime:0.000000s ]
ERR: 1146:Table 'gbcart.category' doesn't exist
 [ SQL语句 ] : SELECT * FROM `category` 
NOTIC: [2] Invalid argument supplied for foreach() D:\Xampp\htdocs\gb\Application\Admin\Model\CategoryModel.class.php 第 63 行.
SQL: SHOW COLUMNS FROM `user` [ RunTime:0.003000s ]
SQL: SELECT `sno` FROM `user`  [ RunTime:0.001000s ]
SQL: SELECT `snum`,`sname` FROM `user` WHERE `sno` = 131545151 LIMIT 1   [ RunTime:0.000000s ]
SQL: SHOW COLUMNS FROM `message` [ RunTime:0.004000s ]
SQL: INSERT INTO `message` (`sno`,`message`,`create_at`) VALUES (131545149,'有拾获者联系你了，详情请联系杨嘉颖,手机号码13250150526','2017-03-09 23:03:30') [ RunTime:0.211012s ]

[ 2017-03-09T23:05:22+08:00 ] 127.0.0.1 /index.php/?&page=1
NOTIC: D方法实例化没找到模型类index\Model\UserCenterModel

[ 2017-03-09T23:05:32+08:00 ] 127.0.0.1 /index.php/?&page=1
NOTIC: D方法实例化没找到模型类index\Model\UserCenterModel

[ 2017-03-09T23:05:48+08:00 ] 127.0.0.1 /index.php/?&page=1
NOTIC: D方法实例化没找到模型类index\Model\UserCenterModel

[ 2017-03-09T23:10:00+08:00 ] 127.0.0.1 /index.php/Home/index/userCenter.html
ERR: 非法操作:userCenter

[ 2017-03-09T23:10:01+08:00 ] 127.0.0.1 /index.php/Home/index/index.js.map
ERR: 非法操作:index.js.map

[ 2017-03-09T23:11:07+08:00 ] 127.0.0.1 /index.php/Home/index/index.js.map
ERR: 非法操作:index.js.map

[ 2017-03-09T23:13:19+08:00 ] 127.0.0.1 /index.php/Home/index/index.js.map
ERR: 非法操作:index.js.map

[ 2017-03-09T23:15:13+08:00 ] 127.0.0.1 /index.php/Home/index/userCenter.html
NOTIC: D方法实例化没找到模型类index\Model\IndexModel

[ 2017-03-09T23:15:14+08:00 ] 127.0.0.1 /index.php/Home/index/userCenter.html
NOTIC: D方法实例化没找到模型类index\Model\IndexModel

[ 2017-03-09T23:15:16+08:00 ] 127.0.0.1 /index.php/Home/index/userCenter.html
NOTIC: D方法实例化没找到模型类index\Model\IndexModel

[ 2017-03-09T23:15:17+08:00 ] 127.0.0.1 /index.php/Home/index/userCenter.html
NOTIC: D方法实例化没找到模型类index\Model\IndexModel

[ 2017-03-09T23:15:18+08:00 ] 127.0.0.1 /index.php/Home/index/userCenter.html
NOTIC: D方法实例化没找到模型类index\Model\IndexModel

[ 2017-03-09T23:15:24+08:00 ] 127.0.0.1 /index.php/Home/index/userCenter.html
NOTIC: D方法实例化没找到模型类index\Model\IndexModel

[ 2017-03-09T23:15:45+08:00 ] 127.0.0.1 /index.php/Home/index/userCenter.html
NOTIC: D方法实例化没找到模型类Home\Model\Index\IndexModel

[ 2017-03-09T23:15:48+08:00 ] 127.0.0.1 /index.php/Home/index/userCenter.html
NOTIC: D方法实例化没找到模型类Home\Model\Index\IndexModel

[ 2017-03-09T23:15:49+08:00 ] 127.0.0.1 /index.php/Home/index/userCenter.html
NOTIC: D方法实例化没找到模型类Home\Model\Index\IndexModel

[ 2017-03-09T23:19:26+08:00 ] 127.0.0.1 /index.php/Home/index/ajaxFind.html
INFO: [ app_begin ] --START--
INFO: Run Behavior\ReadHtmlCacheBehavior [ RunTime:0.000000s ]
INFO: [ app_begin ] --END-- [ RunTime:0.002000s ]
SQL: SHOW COLUMNS FROM `category` [ RunTime:0.003001s ]
ERR: 1146:Table 'gbcart.category' doesn't exist
 [ SQL语句 ] : SHOW COLUMNS FROM `category`
SQL: SELECT * FROM `category`  [ RunTime:0.001000s ]
ERR: 1146:Table 'gbcart.category' doesn't exist
 [ SQL语句 ] : SELECT * FROM `category` 
NOTIC: [2] Invalid argument supplied for foreach() D:\Xampp\htdocs\gb\Application\Admin\Model\CategoryModel.class.php 第 63 行.
SQL: SHOW COLUMNS FROM `user` [ RunTime:0.003000s ]
SQL: SELECT `sno` FROM `user`  [ RunTime:0.001000s ]
SQL: SELECT `snum`,`sname` FROM `user` WHERE `sno` = 131545151 LIMIT 1   [ RunTime:0.000000s ]
SQL: SHOW COLUMNS FROM `message` [ RunTime:0.003000s ]
SQL: INSERT INTO `message` (`sno`,`message`,`create_at`) VALUES (131545151,'有拾获者联系你了，详情请联系杨嘉颖,手机号码13250150526','2017-03-09 23:19:26') [ RunTime:0.069004s ]

[ 2017-03-09T23:42:30+08:00 ] 127.0.0.1 /index.php/Home/index/ajaxContact.html
INFO: [ app_begin ] --START--
INFO: Run Behavior\ReadHtmlCacheBehavior [ RunTime:0.001000s ]
INFO: [ app_begin ] --END-- [ RunTime:0.001000s ]
SQL: SHOW COLUMNS FROM `category` [ RunTime:0.003000s ]
ERR: 1146:Table 'gbcart.category' doesn't exist
 [ SQL语句 ] : SHOW COLUMNS FROM `category`
SQL: SELECT * FROM `category`  [ RunTime:0.000000s ]
ERR: 1146:Table 'gbcart.category' doesn't exist
 [ SQL语句 ] : SELECT * FROM `category` 
NOTIC: [2] Invalid argument supplied for foreach() D:\Xampp\htdocs\gb\Application\Admin\Model\CategoryModel.class.php 第 63 行.
SQL: SHOW COLUMNS FROM `user` [ RunTime:0.004000s ]
SQL: SELECT `snum`,`sname` FROM `user` WHERE `sno` = 131545151 LIMIT 1   [ RunTime:0.001000s ]
SQL: SHOW COLUMNS FROM `message` [ RunTime:0.004001s ]
SQL: INSERT INTO `message` (`sno`,`message`,`create_at`) VALUES (131545151,'有拾获者联系你了，详情请联系杨嘉颖,手机号码13250150526','2017-03-09 23:42:29') [ RunTime:0.087005s ]
SQL: SHOW COLUMNS FROM `publish` [ RunTime:0.004000s ]
SQL: UPDATE `publish` SET `is_delete`=1 WHERE `id` = 29 [ RunTime:0.414024s ]

[ 2017-03-09T23:44:36+08:00 ] 127.0.0.1 /index.php/Home/index/index.js.map
ERR: 非法操作:index.js.map

[ 2017-03-09T23:48:38+08:00 ] 127.0.0.1 /index.php/Home/index/index.js.map
ERR: 非法操作:index.js.map

[ 2017-03-09T23:48:39+08:00 ] 127.0.0.1 /index.php/Home/index/read.html
INFO: [ app_begin ] --START--
INFO: Run Behavior\ReadHtmlCacheBehavior [ RunTime:0.000000s ]
INFO: [ app_begin ] --END-- [ RunTime:0.001000s ]
SQL: SHOW COLUMNS FROM `category` [ RunTime:0.004001s ]
ERR: 1146:Table 'gbcart.category' doesn't exist
 [ SQL语句 ] : SHOW COLUMNS FROM `category`
SQL: SELECT * FROM `category`  [ RunTime:0.000000s ]
ERR: 1146:Table 'gbcart.category' doesn't exist
 [ SQL语句 ] : SELECT * FROM `category` 
NOTIC: [2] Invalid argument supplied for foreach() D:\Xampp\htdocs\gb\Application\Admin\Model\CategoryModel.class.php 第 63 行.
SQL: SHOW COLUMNS FROM `message` [ RunTime:0.003000s ]
SQL: DELETE FROM `message` WHERE `id` = 1 [ RunTime:0.172010s ]
INFO: [ app_end ] --START--
INFO: Run Behavior\ShowPageTraceBehavior [ RunTime:0.001000s ]
INFO: [ app_end ] --END-- [ RunTime:0.001000s ]

[ 2017-03-09T23:48:40+08:00 ] 127.0.0.1 /index.php/Home/index/index.js.map
ERR: 非法操作:index.js.map

[ 2017-03-09T23:56:03+08:00 ] 127.0.0.1 /index.php/Home/index/ajaxFabu.html
INFO: [ app_begin ] --START--
INFO: Run Behavior\ReadHtmlCacheBehavior [ RunTime:0.001000s ]
INFO: [ app_begin ] --END-- [ RunTime:0.001000s ]
SQL: SHOW COLUMNS FROM `publish` [ RunTime:0.003000s ]
SQL: INSERT INTO `publish` (`message`,`sno`,`type`,`create_at`) VALUES ('6666',131545151,1,'2017-03-09 23:56:03') [ RunTime:0.074004s ]

[ 2017-03-09T23:56:23+08:00 ] 127.0.0.1 /index.php/Home/index/ajaxFabu.html
INFO: [ app_begin ] --START--
INFO: Run Behavior\ReadHtmlCacheBehavior [ RunTime:0.001000s ]
INFO: [ app_begin ] --END-- [ RunTime:0.001000s ]
SQL: SHOW COLUMNS FROM `publish` [ RunTime:0.004000s ]
SQL: INSERT INTO `publish` (`message`,`sno`,`type`,`create_at`) VALUES ('879798798',131545151,1,'2017-03-09 23:56:23') [ RunTime:0.078004s ]

